MIF/HEX Update report for system
Mon Dec  5 18:35:35 2022
Quartus II 64-Bit Version 13.0.1 Build 232 06/12/2013 Service Pack 1 SJ Full Version


---------------------
; Table of Contents ;
---------------------
  1. Legal Notice
  2. MIF/HEX Update Summary
  3. MIF/HEX Update Processed Files
  4. MIF/HEX Update Messages



----------------
; Legal Notice ;
----------------
Copyright (C) 1991-2013 Altera Corporation
Your use of Altera Corporation's design tools, logic functions 
and other software and tools, and its AMPP partner logic 
functions, and any output files from any of the foregoing 
(including device programming or simulation files), and any 
associated documentation or information are expressly subject 
to the terms and conditions of the Altera Program License 
Subscription Agreement, Altera MegaCore Function License 
Agreement, or other applicable license agreement, including, 
without limitation, that your use is for the sole purpose of 
programming logic devices manufactured by Altera and sold by 
Altera or its authorized distributors.  Please refer to the 
applicable agreement for further details.



+---------------------------------------------------------------+
; MIF/HEX Update Summary                                        ;
+-----------------------+---------------------------------------+
; MIF/HEX Update Status ; Successful - Mon Dec  5 18:35:35 2022 ;
; Revision Name         ; system                                ;
; Top-level Entity Name ; system                                ;
; Family                ; Cyclone IV E                          ;
; Device                ; EP4CE115F29C8                         ;
+-----------------------+---------------------------------------+


+------------------------------------------------------------------+
; MIF/HEX Update Processed Files                                   ;
+------------------------------------------------------------------+
; File Name                                                        ;
+------------------------------------------------------------------+
; /home/ecegrid/a/mg234/ece437/processors_syn/._system/meminit.hex ;
+------------------------------------------------------------------+


+-------------------------+
; MIF/HEX Update Messages ;
+-------------------------+
Info: *******************************************************************
Info: Running Quartus II 64-Bit MIF/HEX Update
    Info: Version 13.0.1 Build 232 06/12/2013 Service Pack 1 SJ Full Version
    Info: Copyright (C) 1991-2013 Altera Corporation. All rights reserved.
    Info: Your use of Altera Corporation's design tools, logic functions 
    Info: and other software and tools, and its AMPP partner logic 
    Info: functions, and any output files from any of the foregoing 
    Info: (including device programming or simulation files), and any 
    Info: associated documentation or information are expressly subject 
    Info: to the terms and conditions of the Altera Program License 
    Info: Subscription Agreement, Altera MegaCore Function License 
    Info: Agreement, or other applicable license agreement, including, 
    Info: without limitation, that your use is for the sole purpose of 
    Info: programming logic devices manufactured by Altera and sold by 
    Info: Altera or its authorized distributors.  Please refer to the 
    Info: applicable agreement for further details.
    Info: Processing started: Mon Dec  5 18:35:28 2022
Info: Command: quartus_cdb --update_mif system --rev=system
Critical Warning (127005): Memory depth (16384) in the design file differs from memory depth (262) in the Memory Initialization File "/home/ecegrid/a/mg234/ece437/processors_syn/._system/meminit.hex" -- setting initial value for remaining addresses to 0
Info (39024): Processed the following Memory Initialization File(s)
    Info (39025): Processed Memory Initialization File /home/ecegrid/a/mg234/ece437/processors_syn/._system/meminit.hex
Info: Quartus II 64-Bit MIF/HEX Update was successful. 0 errors, 1 warning
    Info: Peak virtual memory: 1046 megabytes
    Info: Processing ended: Mon Dec  5 18:35:36 2022
    Info: Elapsed time: 00:00:08
    Info: Total CPU time (on all processors): 00:00:04


