Flow report for system
Mon Dec  5 18:36:06 2022
Quartus II 64-Bit Version 13.0.1 Build 232 06/12/2013 Service Pack 1 SJ Full Version


---------------------
; Table of Contents ;
---------------------
  1. Legal Notice
  2. Flow Summary
  3. Flow Settings
  4. Flow Non-Default Global Settings
  5. Flow Elapsed Time
  6. Flow OS Summary
  7. Flow Log
  8. Flow Messages
  9. Flow Suppressed Messages



----------------
; Legal Notice ;
----------------
Copyright (C) 1991-2013 Altera Corporation
Your use of Altera Corporation's design tools, logic functions 
and other software and tools, and its AMPP partner logic 
functions, and any output files from any of the foregoing 
(including device programming or simulation files), and any 
associated documentation or information are expressly subject 
to the terms and conditions of the Altera Program License 
Subscription Agreement, Altera MegaCore Function License 
Agreement, or other applicable license agreement, including, 
without limitation, that your use is for the sole purpose of 
programming logic devices manufactured by Altera and sold by 
Altera or its authorized distributors.  Please refer to the 
applicable agreement for further details.



+---------------------------------------------------------------------------------------+
; Flow Summary                                                                          ;
+------------------------------------+--------------------------------------------------+
; Flow Status                        ; Successful - Mon Dec  5 18:36:06 2022            ;
; Quartus II 64-Bit Version          ; 13.0.1 Build 232 06/12/2013 SP 1 SJ Full Version ;
; Revision Name                      ; system                                           ;
; Top-level Entity Name              ; system                                           ;
; Family                             ; Cyclone IV E                                     ;
; Device                             ; EP4CE115F29C8                                    ;
; Timing Models                      ; Final                                            ;
; Total logic elements               ; 18,486 / 114,480 ( 16 % )                        ;
;     Total combinational functions  ; 14,372 / 114,480 ( 13 % )                        ;
;     Dedicated logic registers      ; 8,259 / 114,480 ( 7 % )                          ;
; Total registers                    ; 8259                                             ;
; Total pins                         ; 102 / 529 ( 19 % )                               ;
; Total virtual pins                 ; 0                                                ;
; Total memory bits                  ; 524,288 / 3,981,312 ( 13 % )                     ;
; Embedded Multiplier 9-bit elements ; 0 / 532 ( 0 % )                                  ;
; Total PLLs                         ; 0 / 4 ( 0 % )                                    ;
+------------------------------------+--------------------------------------------------+


+-----------------------------------------+
; Flow Settings                           ;
+-------------------+---------------------+
; Option            ; Setting             ;
+-------------------+---------------------+
; Start date & time ; 12/05/2022 00:04:45 ;
; Main task         ; Compilation         ;
; Revision Name     ; system              ;
+-------------------+---------------------+


+--------------------------------------------------------------------------------------------------------------------------------------------------+
; Flow Non-Default Global Settings                                                                                                                 ;
+-------------------------------------+-------------------------------------------------------------+---------------+-------------+----------------+
; Assignment Name                     ; Value                                                       ; Default Value ; Entity Name ; Section Id     ;
+-------------------------------------+-------------------------------------------------------------+---------------+-------------+----------------+
; COMPILER_SIGNATURE_ID               ; 0.167021668503937                                           ; --            ; --          ; --             ;
; EDA_GENERATE_FUNCTIONAL_NETLIST     ; On                                                          ; --            ; --          ; eda_simulation ;
; EDA_MAINTAIN_DESIGN_HIERARCHY       ; On                                                          ; --            ; --          ; eda_simulation ;
; EDA_OUTPUT_DATA_FORMAT              ; Verilog                                                     ; --            ; --          ; eda_simulation ;
; EDA_SIMULATION_TOOL                 ; ModelSim (Verilog)                                          ; <None>        ; --          ; --             ;
; EDA_TIME_SCALE                      ; 1 ps                                                        ; --            ; --          ; eda_simulation ;
; ENABLE_DRC_SETTINGS                 ; On                                                          ; Off           ; --          ; --             ;
; FMAX_REQUIREMENT                    ; 100 MHz                                                     ; --            ; --          ; --             ;
; NUM_PARALLEL_PROCESSORS             ; 4                                                           ; --            ; --          ; --             ;
; PARTITION_COLOR                     ; 16764057                                                    ; --            ; --          ; Top            ;
; PARTITION_FITTER_PRESERVATION_LEVEL ; PLACEMENT_AND_ROUTING                                       ; --            ; --          ; Top            ;
; PARTITION_NETLIST_TYPE              ; SOURCE                                                      ; --            ; --          ; Top            ;
; PROJECT_OUTPUT_DIRECTORY            ; /home/ecegrid/a/mg234/ece437/processors_copy_2_syn/._system ; --            ; --          ; --             ;
; SEARCH_PATH                         ; /home/ecegrid/a/mg234/ece437/processors_copy_2_syn/include  ; --            ; --          ; --             ;
; SMART_RECOMPILE                     ; On                                                          ; Off           ; --          ; --             ;
; TIMEQUEST_DO_REPORT_TIMING          ; On                                                          ; Off           ; --          ; --             ;
; USE_GENERATED_PHYSICAL_CONSTRAINTS  ; Off                                                         ; --            ; --          ; eda_blast_fpga ;
; VERILOG_INPUT_VERSION               ; SystemVerilog_2005                                          ; Verilog_2001  ; --          ; --             ;
; VERILOG_SHOW_LMF_MAPPING_MESSAGES   ; Off                                                         ; --            ; --          ; --             ;
+-------------------------------------+-------------------------------------------------------------+---------------+-------------+----------------+


+-------------------------------------------------------------------------------------------------------------------------------+
; Flow Elapsed Time                                                                                                             ;
+---------------------------+--------------+-------------------------+---------------------+------------------------------------+
; Module Name               ; Elapsed Time ; Average Processors Used ; Peak Virtual Memory ; Total CPU Time (on all processors) ;
+---------------------------+--------------+-------------------------+---------------------+------------------------------------+
; Analysis & Synthesis      ; 00:01:20     ; 1.0                     ; 877 MB              ; 00:01:14                           ;
; Fitter                    ; 00:10:11     ; 2.3                     ; 1475 MB             ; 00:17:44                           ;
; Design Assistant          ; 00:00:09     ; 1.0                     ; 957 MB              ; 00:00:09                           ;
; TimeQuest Timing Analyzer ; 00:02:17     ; 1.1                     ; 1135 MB             ; 00:02:30                           ;
; EDA Netlist Writer        ; 00:00:06     ; 1.0                     ; 959 MB              ; 00:00:05                           ;
; MIF/HEX Update            ; 00:00:07     ; 1.0                     ; 1044 MB             ; 00:00:04                           ;
; EDA Netlist Writer        ; 00:00:28     ; 1.0                     ; 1063 MB             ; 00:00:12                           ;
; MIF/HEX Update            ; 00:00:07     ; 1.0                     ; 1041 MB             ; 00:00:04                           ;
; EDA Netlist Writer        ; 00:00:27     ; 1.0                     ; 1069 MB             ; 00:00:12                           ;
; MIF/HEX Update            ; 00:00:07     ; 1.0                     ; 1041 MB             ; 00:00:04                           ;
; EDA Netlist Writer        ; 00:00:26     ; 1.0                     ; 1063 MB             ; 00:00:12                           ;
; MIF/HEX Update            ; 00:00:07     ; 1.0                     ; 1046 MB             ; 00:00:04                           ;
; EDA Netlist Writer        ; 00:00:27     ; 1.0                     ; 1063 MB             ; 00:00:12                           ;
; MIF/HEX Update            ; 00:00:05     ; 1.0                     ; 1041 MB             ; 00:00:04                           ;
; EDA Netlist Writer        ; 00:00:24     ; 1.0                     ; 1069 MB             ; 00:00:12                           ;
; MIF/HEX Update            ; 00:00:07     ; 1.0                     ; 1046 MB             ; 00:00:04                           ;
; EDA Netlist Writer        ; 00:00:28     ; 1.0                     ; 1063 MB             ; 00:00:12                           ;
; Total                     ; 00:17:23     ; --                      ; --                  ; 00:23:18                           ;
+---------------------------+--------------+-------------------------+---------------------+------------------------------------+


+---------------------------------------------------------------------------------------------------------+
; Flow OS Summary                                                                                         ;
+---------------------------+------------------------------+--------------+--------------+----------------+
; Module Name               ; Machine Hostname             ; OS Name      ; OS Version   ; Processor type ;
+---------------------------+------------------------------+--------------+--------------+----------------+
; Analysis & Synthesis      ; cparch19.ecn.purdue.edu      ; CentOS Linux ; CentOS Linux ; x86_64         ;
; Fitter                    ; cparch19.ecn.purdue.edu      ; CentOS Linux ; CentOS Linux ; x86_64         ;
; Design Assistant          ; cparch19.ecn.purdue.edu      ; CentOS Linux ; CentOS Linux ; x86_64         ;
; TimeQuest Timing Analyzer ; cparch19.ecn.purdue.edu      ; CentOS Linux ; CentOS Linux ; x86_64         ;
; EDA Netlist Writer        ; cparch19.ecn.purdue.edu      ; CentOS Linux ; CentOS Linux ; x86_64         ;
; MIF/HEX Update            ; ecegrid-thin7.ecn.purdue.edu ; CentOS Linux ; CentOS Linux ; x86_64         ;
; EDA Netlist Writer        ; ecegrid-thin7.ecn.purdue.edu ; CentOS Linux ; CentOS Linux ; x86_64         ;
; MIF/HEX Update            ; ecegrid-thin7.ecn.purdue.edu ; CentOS Linux ; CentOS Linux ; x86_64         ;
; EDA Netlist Writer        ; ecegrid-thin7.ecn.purdue.edu ; CentOS Linux ; CentOS Linux ; x86_64         ;
; MIF/HEX Update            ; ecegrid-thin7.ecn.purdue.edu ; CentOS Linux ; CentOS Linux ; x86_64         ;
; EDA Netlist Writer        ; ecegrid-thin7.ecn.purdue.edu ; CentOS Linux ; CentOS Linux ; x86_64         ;
; MIF/HEX Update            ; ecegrid-thin7.ecn.purdue.edu ; CentOS Linux ; CentOS Linux ; x86_64         ;
; EDA Netlist Writer        ; ecegrid-thin7.ecn.purdue.edu ; CentOS Linux ; CentOS Linux ; x86_64         ;
; MIF/HEX Update            ; ecegrid-thin7.ecn.purdue.edu ; CentOS Linux ; CentOS Linux ; x86_64         ;
; EDA Netlist Writer        ; ecegrid-thin7.ecn.purdue.edu ; CentOS Linux ; CentOS Linux ; x86_64         ;
; MIF/HEX Update            ; ecegrid-thin7.ecn.purdue.edu ; CentOS Linux ; CentOS Linux ; x86_64         ;
; EDA Netlist Writer        ; ecegrid-thin7.ecn.purdue.edu ; CentOS Linux ; CentOS Linux ; x86_64         ;
+---------------------------+------------------------------+--------------+--------------+----------------+


------------
; Flow Log ;
------------
quartus_map system -c system
quartus_fit system -c system
quartus_drc system -c system
quartus_sta system -c system
quartus_eda system -c system
quartus_cdb --update_mif system --rev=system
quartus_eda system -c system
quartus_cdb --update_mif system --rev=system
quartus_eda system -c system
quartus_cdb --update_mif system --rev=system
quartus_eda system -c system
quartus_cdb --update_mif system --rev=system
quartus_eda system -c system
quartus_cdb --update_mif system --rev=system
quartus_eda system -c system
quartus_cdb --update_mif system --rev=system
quartus_eda system -c system



